<?xml version="1.0" encoding="UTF-8"?>
<testsuite xmlns:xsi="http://www.w3.org/2001/XMLSchema-instance" xsi:noNamespaceSchemaLocation="https://maven.apache.org/surefire/maven-surefire-plugin/xsd/surefire-test-report-3.0.xsd" version="3.0" name="fr.carbon.ewen.simulation.MainTest" time="0.288" tests="6" errors="0" skipped="0" failures="0">
  <properties>
[...]
</properties>
  <testcase name="shouldStopSimulationWhenCollisionExplorerMountain" classname="fr.carbon.ewen.simulation.MainTest" time="0.166">
    <system-out><![CDATA[13:12:02.647 [main] INFO fr.carbon.ewen.importer.SimulationImporter -- Line parsed successfully: C - 2 - 1
13:12:02.651 [main] INFO fr.carbon.ewen.importer.SimulationImporter -- Line parsed successfully: M - 1 - 0
13:12:02.652 [main] INFO fr.carbon.ewen.importer.SimulationImporter -- Line parsed successfully: A - explorer1 - 0 - 0 - E - A
13:12:02.662 [main] DEBUG org.jboss.logging -- Logging Provider: org.jboss.logging.Slf4jLoggerProvider
13:12:02.663 [main] INFO org.hibernate.validator.internal.util.Version -- HV000001: Hibernate Validator 8.0.1.Final
13:12:02.664 [main] DEBUG org.hibernate.validator.internal.xml.config.ValidationXmlParser -- Trying to load META-INF/validation.xml for XML based Validator configuration.
13:12:02.664 [main] DEBUG org.hibernate.validator.internal.xml.config.ResourceLoaderHelper -- Trying to load META-INF/validation.xml via TCCL
13:12:02.664 [main] DEBUG org.hibernate.validator.internal.xml.config.ResourceLoaderHelper -- Trying to load META-INF/validation.xml via Hibernate Validator's class loader
13:12:02.665 [main] DEBUG org.hibernate.validator.internal.xml.config.ValidationXmlParser -- No META-INF/validation.xml found. Using annotation based configuration only.
13:12:02.665 [main] DEBUG org.hibernate.validator.internal.engine.resolver.TraversableResolvers -- Cannot find jakarta.persistence.Persistence on classpath. Assuming non JPA 2 environment. All properties will per default be traversable.
13:12:02.673 [main] DEBUG org.hibernate.validator.messageinterpolation.ResourceBundleMessageInterpolator -- Loaded expression factory via original TCCL
13:12:02.697 [main] DEBUG org.hibernate.validator.internal.engine.ValidatorFactoryConfigurationHelper -- HV000252: Using org.hibernate.validator.internal.engine.DefaultPropertyNodeNameProvider as property node name provider.
13:12:02.698 [main] DEBUG org.hibernate.validator.internal.engine.ValidatorFactoryConfigurationHelper -- HV000234: Using org.hibernate.validator.messageinterpolation.ResourceBundleMessageInterpolator as ValidatorFactory-scoped message interpolator.
13:12:02.698 [main] DEBUG org.hibernate.validator.internal.engine.ValidatorFactoryConfigurationHelper -- HV000234: Using org.hibernate.validator.internal.engine.resolver.TraverseAllTraversableResolver as ValidatorFactory-scoped traversable resolver.
13:12:02.698 [main] DEBUG org.hibernate.validator.internal.engine.ValidatorFactoryConfigurationHelper -- HV000234: Using org.hibernate.validator.internal.util.ExecutableParameterNameProvider as ValidatorFactory-scoped parameter name provider.
13:12:02.698 [main] DEBUG org.hibernate.validator.internal.engine.ValidatorFactoryConfigurationHelper -- HV000234: Using org.hibernate.validator.internal.engine.DefaultClockProvider as ValidatorFactory-scoped clock provider.
13:12:02.698 [main] DEBUG org.hibernate.validator.internal.engine.ValidatorFactoryConfigurationHelper -- HV000234: Using org.hibernate.validator.internal.engine.scripting.DefaultScriptEvaluatorFactory as ValidatorFactory-scoped script evaluator factory.
13:12:02.753 [main] INFO fr.carbon.ewen.domain.Simulation -- Starting simulation...
13:12:02.753 [main] INFO fr.carbon.ewen.domain.Simulation -- Step 0:
13:12:02.754 [main] INFO fr.carbon.ewen.domain.components.Explorer -- Explorer[name=explorer1, movements=[MOVE_FORWARD], state=Explorer.ExplorerState(position=Position[width=0, height=0], orientation=EAST, treasuresFound=0)] is moving forward
13:12:02.760 [main] WARN fr.carbon.ewen.domain.components.Explorer -- Explorer[name=explorer1, movements=[MOVE_FORWARD], state=Explorer.ExplorerState(position=Position[width=1, height=0], orientation=EAST, treasuresFound=0)] collided with mountain Mountain[position=Position[width=1, height=0]]
]]></system-out>
  </testcase>
  <testcase name="shouldCollectTreasureWhenCollisionExplorerTreasure" classname="fr.carbon.ewen.simulation.MainTest" time="0.042">
    <system-out><![CDATA[13:12:02.768 [main] INFO fr.carbon.ewen.importer.SimulationImporter -- Line parsed successfully: C - 2 - 1
13:12:02.768 [main] INFO fr.carbon.ewen.importer.SimulationImporter -- Line parsed successfully: A - explorer1 - 0 - 0 - E - ADDADDADDADDA
13:12:02.768 [main] INFO fr.carbon.ewen.importer.SimulationImporter -- Line parsed successfully: T - 1 - 0 - 2
13:12:02.768 [main] DEBUG org.hibernate.validator.internal.xml.config.ValidationXmlParser -- Trying to load META-INF/validation.xml for XML based Validator configuration.
13:12:02.768 [main] DEBUG org.hibernate.validator.internal.xml.config.ResourceLoaderHelper -- Trying to load META-INF/validation.xml via TCCL
13:12:02.768 [main] DEBUG org.hibernate.validator.internal.xml.config.ResourceLoaderHelper -- Trying to load META-INF/validation.xml via Hibernate Validator's class loader
13:12:02.768 [main] DEBUG org.hibernate.validator.internal.xml.config.ValidationXmlParser -- No META-INF/validation.xml found. Using annotation based configuration only.
13:12:02.769 [main] DEBUG org.hibernate.validator.internal.engine.resolver.TraversableResolvers -- Cannot find jakarta.persistence.Persistence on classpath. Assuming non JPA 2 environment. All properties will per default be traversable.
13:12:02.769 [main] DEBUG org.hibernate.validator.messageinterpolation.ResourceBundleMessageInterpolator -- Loaded expression factory via original TCCL
13:12:02.769 [main] DEBUG org.hibernate.validator.internal.engine.ValidatorFactoryConfigurationHelper -- HV000252: Using org.hibernate.validator.internal.engine.DefaultPropertyNodeNameProvider as property node name provider.
13:12:02.769 [main] DEBUG org.hibernate.validator.internal.engine.ValidatorFactoryConfigurationHelper -- HV000234: Using org.hibernate.validator.messageinterpolation.ResourceBundleMessageInterpolator as ValidatorFactory-scoped message interpolator.
13:12:02.770 [main] DEBUG org.hibernate.validator.internal.engine.ValidatorFactoryConfigurationHelper -- HV000234: Using org.hibernate.validator.internal.engine.resolver.TraverseAllTraversableResolver as ValidatorFactory-scoped traversable resolver.
13:12:02.770 [main] DEBUG org.hibernate.validator.internal.engine.ValidatorFactoryConfigurationHelper -- HV000234: Using org.hibernate.validator.internal.util.ExecutableParameterNameProvider as ValidatorFactory-scoped parameter name provider.
13:12:02.770 [main] DEBUG org.hibernate.validator.internal.engine.ValidatorFactoryConfigurationHelper -- HV000234: Using org.hibernate.validator.internal.engine.DefaultClockProvider as ValidatorFactory-scoped clock provider.
13:12:02.770 [main] DEBUG org.hibernate.validator.internal.engine.ValidatorFactoryConfigurationHelper -- HV000234: Using org.hibernate.validator.internal.engine.scripting.DefaultScriptEvaluatorFactory as ValidatorFactory-scoped script evaluator factory.
13:12:02.783 [main] INFO fr.carbon.ewen.domain.Simulation -- Starting simulation...
13:12:02.783 [main] INFO fr.carbon.ewen.domain.Simulation -- Step 0:
13:12:02.783 [main] INFO fr.carbon.ewen.domain.components.Explorer -- Explorer[name=explorer1, movements=[MOVE_FORWARD, ROTATE_RIGHT, ROTATE_RIGHT, MOVE_FORWARD, ROTATE_RIGHT, ROTATE_RIGHT, MOVE_FORWARD, ROTATE_RIGHT, ROTATE_RIGHT, MOVE_FORWARD, ROTATE_RIGHT, ROTATE_RIGHT, MOVE_FORWARD], state=Explorer.ExplorerState(position=Position[width=0, height=0], orientation=EAST, treasuresFound=0)] is moving forward
13:12:02.783 [main] INFO fr.carbon.ewen.domain.components.Explorer -- Explorer[name=explorer1, movements=[MOVE_FORWARD, ROTATE_RIGHT, ROTATE_RIGHT, MOVE_FORWARD, ROTATE_RIGHT, ROTATE_RIGHT, MOVE_FORWARD, ROTATE_RIGHT, ROTATE_RIGHT, MOVE_FORWARD, ROTATE_RIGHT, ROTATE_RIGHT, MOVE_FORWARD], state=Explorer.ExplorerState(position=Position[width=1, height=0], orientation=EAST, treasuresFound=0)] collected a treasure Treasure[position=Position[width=1, height=0], state=Treasure.TreasureState(count=2)]
13:12:02.784 [main] INFO fr.carbon.ewen.domain.components.Treasure -- Treasure[position=Position[width=1, height=0], state=Treasure.TreasureState(count=2)] was collected by explorer Explorer[name=explorer1, movements=[MOVE_FORWARD, ROTATE_RIGHT, ROTATE_RIGHT, MOVE_FORWARD, ROTATE_RIGHT, ROTATE_RIGHT, MOVE_FORWARD, ROTATE_RIGHT, ROTATE_RIGHT, MOVE_FORWARD, ROTATE_RIGHT, ROTATE_RIGHT, MOVE_FORWARD], state=Explorer.ExplorerState(position=Position[width=1, height=0], orientation=EAST, treasuresFound=1)]
13:12:02.784 [main] INFO fr.carbon.ewen.domain.Simulation -- Step 1:
13:12:02.784 [main] INFO fr.carbon.ewen.domain.components.Explorer -- Explorer[name=explorer1, movements=[MOVE_FORWARD, ROTATE_RIGHT, ROTATE_RIGHT, MOVE_FORWARD, ROTATE_RIGHT, ROTATE_RIGHT, MOVE_FORWARD, ROTATE_RIGHT, ROTATE_RIGHT, MOVE_FORWARD, ROTATE_RIGHT, ROTATE_RIGHT, MOVE_FORWARD], state=Explorer.ExplorerState(position=Position[width=1, height=0], orientation=EAST, treasuresFound=1)] is rotating in right direction
13:12:02.784 [main] INFO fr.carbon.ewen.domain.Simulation -- Step 2:
13:12:02.784 [main] INFO fr.carbon.ewen.domain.components.Explorer -- Explorer[name=explorer1, movements=[MOVE_FORWARD, ROTATE_RIGHT, ROTATE_RIGHT, MOVE_FORWARD, ROTATE_RIGHT, ROTATE_RIGHT, MOVE_FORWARD, ROTATE_RIGHT, ROTATE_RIGHT, MOVE_FORWARD, ROTATE_RIGHT, ROTATE_RIGHT, MOVE_FORWARD], state=Explorer.ExplorerState(position=Position[width=1, height=0], orientation=SOUTH, treasuresFound=1)] is rotating in right direction
13:12:02.784 [main] INFO fr.carbon.ewen.domain.Simulation -- Step 3:
13:12:02.785 [main] INFO fr.carbon.ewen.domain.components.Explorer -- Explorer[name=explorer1, movements=[MOVE_FORWARD, ROTATE_RIGHT, ROTATE_RIGHT, MOVE_FORWARD, ROTATE_RIGHT, ROTATE_RIGHT, MOVE_FORWARD, ROTATE_RIGHT, ROTATE_RIGHT, MOVE_FORWARD, ROTATE_RIGHT, ROTATE_RIGHT, MOVE_FORWARD], state=Explorer.ExplorerState(position=Position[width=1, height=0], orientation=WEST, treasuresFound=1)] is moving forward
13:12:02.785 [main] INFO fr.carbon.ewen.domain.Simulation -- Step 4:
13:12:02.785 [main] INFO fr.carbon.ewen.domain.components.Explorer -- Explorer[name=explorer1, movements=[MOVE_FORWARD, ROTATE_RIGHT, ROTATE_RIGHT, MOVE_FORWARD, ROTATE_RIGHT, ROTATE_RIGHT, MOVE_FORWARD, ROTATE_RIGHT, ROTATE_RIGHT, MOVE_FORWARD, ROTATE_RIGHT, ROTATE_RIGHT, MOVE_FORWARD], state=Explorer.ExplorerState(position=Position[width=0, height=0], orientation=WEST, treasuresFound=1)] is rotating in right direction
13:12:02.785 [main] INFO fr.carbon.ewen.domain.Simulation -- Step 5:
13:12:02.785 [main] INFO fr.carbon.ewen.domain.components.Explorer -- Explorer[name=explorer1, movements=[MOVE_FORWARD, ROTATE_RIGHT, ROTATE_RIGHT, MOVE_FORWARD, ROTATE_RIGHT, ROTATE_RIGHT, MOVE_FORWARD, ROTATE_RIGHT, ROTATE_RIGHT, MOVE_FORWARD, ROTATE_RIGHT, ROTATE_RIGHT, MOVE_FORWARD], state=Explorer.ExplorerState(position=Position[width=0, height=0], orientation=NORTH, treasuresFound=1)] is rotating in right direction
13:12:02.785 [main] INFO fr.carbon.ewen.domain.Simulation -- Step 6:
13:12:02.785 [main] INFO fr.carbon.ewen.domain.components.Explorer -- Explorer[name=explorer1, movements=[MOVE_FORWARD, ROTATE_RIGHT, ROTATE_RIGHT, MOVE_FORWARD, ROTATE_RIGHT, ROTATE_RIGHT, MOVE_FORWARD, ROTATE_RIGHT, ROTATE_RIGHT, MOVE_FORWARD, ROTATE_RIGHT, ROTATE_RIGHT, MOVE_FORWARD], state=Explorer.ExplorerState(position=Position[width=0, height=0], orientation=EAST, treasuresFound=1)] is moving forward
13:12:02.785 [main] INFO fr.carbon.ewen.domain.components.Explorer -- Explorer[name=explorer1, movements=[MOVE_FORWARD, ROTATE_RIGHT, ROTATE_RIGHT, MOVE_FORWARD, ROTATE_RIGHT, ROTATE_RIGHT, MOVE_FORWARD, ROTATE_RIGHT, ROTATE_RIGHT, MOVE_FORWARD, ROTATE_RIGHT, ROTATE_RIGHT, MOVE_FORWARD], state=Explorer.ExplorerState(position=Position[width=1, height=0], orientation=EAST, treasuresFound=1)] collected a treasure Treasure[position=Position[width=1, height=0], state=Treasure.TreasureState(count=1)]
13:12:02.785 [main] INFO fr.carbon.ewen.domain.components.Treasure -- Treasure[position=Position[width=1, height=0], state=Treasure.TreasureState(count=1)] was collected by explorer Explorer[name=explorer1, movements=[MOVE_FORWARD, ROTATE_RIGHT, ROTATE_RIGHT, MOVE_FORWARD, ROTATE_RIGHT, ROTATE_RIGHT, MOVE_FORWARD, ROTATE_RIGHT, ROTATE_RIGHT, MOVE_FORWARD, ROTATE_RIGHT, ROTATE_RIGHT, MOVE_FORWARD], state=Explorer.ExplorerState(position=Position[width=1, height=0], orientation=EAST, treasuresFound=2)]
13:12:02.785 [main] INFO fr.carbon.ewen.domain.Simulation -- Step 7:
13:12:02.785 [main] INFO fr.carbon.ewen.domain.components.Explorer -- Explorer[name=explorer1, movements=[MOVE_FORWARD, ROTATE_RIGHT, ROTATE_RIGHT, MOVE_FORWARD, ROTATE_RIGHT, ROTATE_RIGHT, MOVE_FORWARD, ROTATE_RIGHT, ROTATE_RIGHT, MOVE_FORWARD, ROTATE_RIGHT, ROTATE_RIGHT, MOVE_FORWARD], state=Explorer.ExplorerState(position=Position[width=1, height=0], orientation=EAST, treasuresFound=2)] is rotating in right direction
13:12:02.785 [main] INFO fr.carbon.ewen.domain.Simulation -- Step 8:
13:12:02.785 [main] INFO fr.carbon.ewen.domain.components.Explorer -- Explorer[name=explorer1, movements=[MOVE_FORWARD, ROTATE_RIGHT, ROTATE_RIGHT, MOVE_FORWARD, ROTATE_RIGHT, ROTATE_RIGHT, MOVE_FORWARD, ROTATE_RIGHT, ROTATE_RIGHT, MOVE_FORWARD, ROTATE_RIGHT, ROTATE_RIGHT, MOVE_FORWARD], state=Explorer.ExplorerState(position=Position[width=1, height=0], orientation=SOUTH, treasuresFound=2)] is rotating in right direction
13:12:02.785 [main] INFO fr.carbon.ewen.domain.Simulation -- Step 9:
13:12:02.785 [main] INFO fr.carbon.ewen.domain.components.Explorer -- Explorer[name=explorer1, movements=[MOVE_FORWARD, ROTATE_RIGHT, ROTATE_RIGHT, MOVE_FORWARD, ROTATE_RIGHT, ROTATE_RIGHT, MOVE_FORWARD, ROTATE_RIGHT, ROTATE_RIGHT, MOVE_FORWARD, ROTATE_RIGHT, ROTATE_RIGHT, MOVE_FORWARD], state=Explorer.ExplorerState(position=Position[width=1, height=0], orientation=WEST, treasuresFound=2)] is moving forward
13:12:02.785 [main] INFO fr.carbon.ewen.domain.Simulation -- Step 10:
13:12:02.785 [main] INFO fr.carbon.ewen.domain.components.Explorer -- Explorer[name=explorer1, movements=[MOVE_FORWARD, ROTATE_RIGHT, ROTATE_RIGHT, MOVE_FORWARD, ROTATE_RIGHT, ROTATE_RIGHT, MOVE_FORWARD, ROTATE_RIGHT, ROTATE_RIGHT, MOVE_FORWARD, ROTATE_RIGHT, ROTATE_RIGHT, MOVE_FORWARD], state=Explorer.ExplorerState(position=Position[width=0, height=0], orientation=WEST, treasuresFound=2)] is rotating in right direction
13:12:02.785 [main] INFO fr.carbon.ewen.domain.Simulation -- Step 11:
13:12:02.785 [main] INFO fr.carbon.ewen.domain.components.Explorer -- Explorer[name=explorer1, movements=[MOVE_FORWARD, ROTATE_RIGHT, ROTATE_RIGHT, MOVE_FORWARD, ROTATE_RIGHT, ROTATE_RIGHT, MOVE_FORWARD, ROTATE_RIGHT, ROTATE_RIGHT, MOVE_FORWARD, ROTATE_RIGHT, ROTATE_RIGHT, MOVE_FORWARD], state=Explorer.ExplorerState(position=Position[width=0, height=0], orientation=NORTH, treasuresFound=2)] is rotating in right direction
13:12:02.786 [main] INFO fr.carbon.ewen.domain.Simulation -- Step 12:
13:12:02.786 [main] INFO fr.carbon.ewen.domain.components.Explorer -- Explorer[name=explorer1, movements=[MOVE_FORWARD, ROTATE_RIGHT, ROTATE_RIGHT, MOVE_FORWARD, ROTATE_RIGHT, ROTATE_RIGHT, MOVE_FORWARD, ROTATE_RIGHT, ROTATE_RIGHT, MOVE_FORWARD, ROTATE_RIGHT, ROTATE_RIGHT, MOVE_FORWARD], state=Explorer.ExplorerState(position=Position[width=0, height=0], orientation=EAST, treasuresFound=2)] is moving forward
13:12:02.786 [main] WARN fr.carbon.ewen.domain.components.Explorer -- Explorer[name=explorer1, movements=[MOVE_FORWARD, ROTATE_RIGHT, ROTATE_RIGHT, MOVE_FORWARD, ROTATE_RIGHT, ROTATE_RIGHT, MOVE_FORWARD, ROTATE_RIGHT, ROTATE_RIGHT, MOVE_FORWARD, ROTATE_RIGHT, ROTATE_RIGHT, MOVE_FORWARD], state=Explorer.ExplorerState(position=Position[width=1, height=0], orientation=EAST, treasuresFound=2)] could not collect Treasure[position=Position[width=1, height=0], state=Treasure.TreasureState(count=0)]
13:12:02.786 [main] WARN fr.carbon.ewen.domain.components.Treasure -- Treasure[position=Position[width=1, height=0], state=Treasure.TreasureState(count=0)] could not be collected by Explorer[name=explorer1, movements=[MOVE_FORWARD, ROTATE_RIGHT, ROTATE_RIGHT, MOVE_FORWARD, ROTATE_RIGHT, ROTATE_RIGHT, MOVE_FORWARD, ROTATE_RIGHT, ROTATE_RIGHT, MOVE_FORWARD, ROTATE_RIGHT, ROTATE_RIGHT, MOVE_FORWARD], state=Explorer.ExplorerState(position=Position[width=1, height=0], orientation=EAST, treasuresFound=2)]
13:12:02.786 [main] INFO fr.carbon.ewen.domain.Simulation -- Simulation finished...
]]></system-out>
  </testcase>
  <testcase name="shouldStopSimulationWhenOutOfBound" classname="fr.carbon.ewen.simulation.MainTest" time="0.04">
    <system-out><![CDATA[13:12:02.809 [main] INFO fr.carbon.ewen.importer.SimulationImporter -- Line parsed successfully: C - 1 - 1
13:12:02.809 [main] INFO fr.carbon.ewen.importer.SimulationImporter -- Line parsed successfully: A - explorer1 - 0 - 0 - N - A
13:12:02.810 [main] DEBUG org.hibernate.validator.internal.xml.config.ValidationXmlParser -- Trying to load META-INF/validation.xml for XML based Validator configuration.
13:12:02.810 [main] DEBUG org.hibernate.validator.internal.xml.config.ResourceLoaderHelper -- Trying to load META-INF/validation.xml via TCCL
13:12:02.810 [main] DEBUG org.hibernate.validator.internal.xml.config.ResourceLoaderHelper -- Trying to load META-INF/validation.xml via Hibernate Validator's class loader
13:12:02.810 [main] DEBUG org.hibernate.validator.internal.xml.config.ValidationXmlParser -- No META-INF/validation.xml found. Using annotation based configuration only.
13:12:02.810 [main] DEBUG org.hibernate.validator.internal.engine.resolver.TraversableResolvers -- Cannot find jakarta.persistence.Persistence on classpath. Assuming non JPA 2 environment. All properties will per default be traversable.
13:12:02.810 [main] DEBUG org.hibernate.validator.messageinterpolation.ResourceBundleMessageInterpolator -- Loaded expression factory via original TCCL
13:12:02.811 [main] DEBUG org.hibernate.validator.internal.engine.ValidatorFactoryConfigurationHelper -- HV000252: Using org.hibernate.validator.internal.engine.DefaultPropertyNodeNameProvider as property node name provider.
13:12:02.811 [main] DEBUG org.hibernate.validator.internal.engine.ValidatorFactoryConfigurationHelper -- HV000234: Using org.hibernate.validator.messageinterpolation.ResourceBundleMessageInterpolator as ValidatorFactory-scoped message interpolator.
13:12:02.811 [main] DEBUG org.hibernate.validator.internal.engine.ValidatorFactoryConfigurationHelper -- HV000234: Using org.hibernate.validator.internal.engine.resolver.TraverseAllTraversableResolver as ValidatorFactory-scoped traversable resolver.
13:12:02.811 [main] DEBUG org.hibernate.validator.internal.engine.ValidatorFactoryConfigurationHelper -- HV000234: Using org.hibernate.validator.internal.util.ExecutableParameterNameProvider as ValidatorFactory-scoped parameter name provider.
13:12:02.811 [main] DEBUG org.hibernate.validator.internal.engine.ValidatorFactoryConfigurationHelper -- HV000234: Using org.hibernate.validator.internal.engine.DefaultClockProvider as ValidatorFactory-scoped clock provider.
13:12:02.811 [main] DEBUG org.hibernate.validator.internal.engine.ValidatorFactoryConfigurationHelper -- HV000234: Using org.hibernate.validator.internal.engine.scripting.DefaultScriptEvaluatorFactory as ValidatorFactory-scoped script evaluator factory.
13:12:02.820 [main] INFO fr.carbon.ewen.domain.Simulation -- Starting simulation...
13:12:02.820 [main] INFO fr.carbon.ewen.domain.Simulation -- Step 0:
13:12:02.820 [main] INFO fr.carbon.ewen.domain.components.Explorer -- Explorer[name=explorer1, movements=[MOVE_FORWARD], state=Explorer.ExplorerState(position=Position[width=0, height=0], orientation=NORTH, treasuresFound=0)] is moving forward
13:12:02.820 [main] INFO fr.carbon.ewen.importer.SimulationImporter -- Line parsed successfully: C - 1 - 1
13:12:02.820 [main] INFO fr.carbon.ewen.importer.SimulationImporter -- Line parsed successfully: A - explorer1 - 0 - 0 - S - A
13:12:02.821 [main] DEBUG org.hibernate.validator.internal.xml.config.ValidationXmlParser -- Trying to load META-INF/validation.xml for XML based Validator configuration.
13:12:02.821 [main] DEBUG org.hibernate.validator.internal.xml.config.ResourceLoaderHelper -- Trying to load META-INF/validation.xml via TCCL
13:12:02.821 [main] DEBUG org.hibernate.validator.internal.xml.config.ResourceLoaderHelper -- Trying to load META-INF/validation.xml via Hibernate Validator's class loader
13:12:02.821 [main] DEBUG org.hibernate.validator.internal.xml.config.ValidationXmlParser -- No META-INF/validation.xml found. Using annotation based configuration only.
13:12:02.821 [main] DEBUG org.hibernate.validator.internal.engine.resolver.TraversableResolvers -- Cannot find jakarta.persistence.Persistence on classpath. Assuming non JPA 2 environment. All properties will per default be traversable.
13:12:02.821 [main] DEBUG org.hibernate.validator.messageinterpolation.ResourceBundleMessageInterpolator -- Loaded expression factory via original TCCL
13:12:02.821 [main] DEBUG org.hibernate.validator.internal.engine.ValidatorFactoryConfigurationHelper -- HV000252: Using org.hibernate.validator.internal.engine.DefaultPropertyNodeNameProvider as property node name provider.
13:12:02.822 [main] DEBUG org.hibernate.validator.internal.engine.ValidatorFactoryConfigurationHelper -- HV000234: Using org.hibernate.validator.messageinterpolation.ResourceBundleMessageInterpolator as ValidatorFactory-scoped message interpolator.
13:12:02.822 [main] DEBUG org.hibernate.validator.internal.engine.ValidatorFactoryConfigurationHelper -- HV000234: Using org.hibernate.validator.internal.engine.resolver.TraverseAllTraversableResolver as ValidatorFactory-scoped traversable resolver.
13:12:02.822 [main] DEBUG org.hibernate.validator.internal.engine.ValidatorFactoryConfigurationHelper -- HV000234: Using org.hibernate.validator.internal.util.ExecutableParameterNameProvider as ValidatorFactory-scoped parameter name provider.
13:12:02.822 [main] DEBUG org.hibernate.validator.internal.engine.ValidatorFactoryConfigurationHelper -- HV000234: Using org.hibernate.validator.internal.engine.DefaultClockProvider as ValidatorFactory-scoped clock provider.
13:12:02.822 [main] DEBUG org.hibernate.validator.internal.engine.ValidatorFactoryConfigurationHelper -- HV000234: Using org.hibernate.validator.internal.engine.scripting.DefaultScriptEvaluatorFactory as ValidatorFactory-scoped script evaluator factory.
13:12:02.829 [main] INFO fr.carbon.ewen.domain.Simulation -- Starting simulation...
13:12:02.829 [main] INFO fr.carbon.ewen.domain.Simulation -- Step 0:
13:12:02.829 [main] INFO fr.carbon.ewen.domain.components.Explorer -- Explorer[name=explorer1, movements=[MOVE_FORWARD], state=Explorer.ExplorerState(position=Position[width=0, height=0], orientation=SOUTH, treasuresFound=0)] is moving forward
13:12:02.830 [main] INFO fr.carbon.ewen.importer.SimulationImporter -- Line parsed successfully: C - 1 - 1
13:12:02.830 [main] INFO fr.carbon.ewen.importer.SimulationImporter -- Line parsed successfully: A - explorer1 - 0 - 0 - W - A
13:12:02.830 [main] DEBUG org.hibernate.validator.internal.xml.config.ValidationXmlParser -- Trying to load META-INF/validation.xml for XML based Validator configuration.
13:12:02.830 [main] DEBUG org.hibernate.validator.internal.xml.config.ResourceLoaderHelper -- Trying to load META-INF/validation.xml via TCCL
13:12:02.830 [main] DEBUG org.hibernate.validator.internal.xml.config.ResourceLoaderHelper -- Trying to load META-INF/validation.xml via Hibernate Validator's class loader
13:12:02.830 [main] DEBUG org.hibernate.validator.internal.xml.config.ValidationXmlParser -- No META-INF/validation.xml found. Using annotation based configuration only.
13:12:02.831 [main] DEBUG org.hibernate.validator.internal.engine.resolver.TraversableResolvers -- Cannot find jakarta.persistence.Persistence on classpath. Assuming non JPA 2 environment. All properties will per default be traversable.
13:12:02.831 [main] DEBUG org.hibernate.validator.messageinterpolation.ResourceBundleMessageInterpolator -- Loaded expression factory via original TCCL
13:12:02.831 [main] DEBUG org.hibernate.validator.internal.engine.ValidatorFactoryConfigurationHelper -- HV000252: Using org.hibernate.validator.internal.engine.DefaultPropertyNodeNameProvider as property node name provider.
13:12:02.831 [main] DEBUG org.hibernate.validator.internal.engine.ValidatorFactoryConfigurationHelper -- HV000234: Using org.hibernate.validator.messageinterpolation.ResourceBundleMessageInterpolator as ValidatorFactory-scoped message interpolator.
13:12:02.831 [main] DEBUG org.hibernate.validator.internal.engine.ValidatorFactoryConfigurationHelper -- HV000234: Using org.hibernate.validator.internal.engine.resolver.TraverseAllTraversableResolver as ValidatorFactory-scoped traversable resolver.
13:12:02.831 [main] DEBUG org.hibernate.validator.internal.engine.ValidatorFactoryConfigurationHelper -- HV000234: Using org.hibernate.validator.internal.util.ExecutableParameterNameProvider as ValidatorFactory-scoped parameter name provider.
13:12:02.831 [main] DEBUG org.hibernate.validator.internal.engine.ValidatorFactoryConfigurationHelper -- HV000234: Using org.hibernate.validator.internal.engine.DefaultClockProvider as ValidatorFactory-scoped clock provider.
13:12:02.831 [main] DEBUG org.hibernate.validator.internal.engine.ValidatorFactoryConfigurationHelper -- HV000234: Using org.hibernate.validator.internal.engine.scripting.DefaultScriptEvaluatorFactory as ValidatorFactory-scoped script evaluator factory.
13:12:02.839 [main] INFO fr.carbon.ewen.domain.Simulation -- Starting simulation...
13:12:02.839 [main] INFO fr.carbon.ewen.domain.Simulation -- Step 0:
13:12:02.839 [main] INFO fr.carbon.ewen.domain.components.Explorer -- Explorer[name=explorer1, movements=[MOVE_FORWARD], state=Explorer.ExplorerState(position=Position[width=0, height=0], orientation=WEST, treasuresFound=0)] is moving forward
13:12:02.839 [main] INFO fr.carbon.ewen.importer.SimulationImporter -- Line parsed successfully: C - 1 - 1
13:12:02.839 [main] INFO fr.carbon.ewen.importer.SimulationImporter -- Line parsed successfully: A - explorer1 - 0 - 0 - E - A
13:12:02.840 [main] DEBUG org.hibernate.validator.internal.xml.config.ValidationXmlParser -- Trying to load META-INF/validation.xml for XML based Validator configuration.
13:12:02.840 [main] DEBUG org.hibernate.validator.internal.xml.config.ResourceLoaderHelper -- Trying to load META-INF/validation.xml via TCCL
13:12:02.840 [main] DEBUG org.hibernate.validator.internal.xml.config.ResourceLoaderHelper -- Trying to load META-INF/validation.xml via Hibernate Validator's class loader
13:12:02.840 [main] DEBUG org.hibernate.validator.internal.xml.config.ValidationXmlParser -- No META-INF/validation.xml found. Using annotation based configuration only.
13:12:02.840 [main] DEBUG org.hibernate.validator.internal.engine.resolver.TraversableResolvers -- Cannot find jakarta.persistence.Persistence on classpath. Assuming non JPA 2 environment. All properties will per default be traversable.
13:12:02.840 [main] DEBUG org.hibernate.validator.messageinterpolation.ResourceBundleMessageInterpolator -- Loaded expression factory via original TCCL
13:12:02.840 [main] DEBUG org.hibernate.validator.internal.engine.ValidatorFactoryConfigurationHelper -- HV000252: Using org.hibernate.validator.internal.engine.DefaultPropertyNodeNameProvider as property node name provider.
13:12:02.840 [main] DEBUG org.hibernate.validator.internal.engine.ValidatorFactoryConfigurationHelper -- HV000234: Using org.hibernate.validator.messageinterpolation.ResourceBundleMessageInterpolator as ValidatorFactory-scoped message interpolator.
13:12:02.841 [main] DEBUG org.hibernate.validator.internal.engine.ValidatorFactoryConfigurationHelper -- HV000234: Using org.hibernate.validator.internal.engine.resolver.TraverseAllTraversableResolver as ValidatorFactory-scoped traversable resolver.
13:12:02.841 [main] DEBUG org.hibernate.validator.internal.engine.ValidatorFactoryConfigurationHelper -- HV000234: Using org.hibernate.validator.internal.util.ExecutableParameterNameProvider as ValidatorFactory-scoped parameter name provider.
13:12:02.841 [main] DEBUG org.hibernate.validator.internal.engine.ValidatorFactoryConfigurationHelper -- HV000234: Using org.hibernate.validator.internal.engine.DefaultClockProvider as ValidatorFactory-scoped clock provider.
13:12:02.841 [main] DEBUG org.hibernate.validator.internal.engine.ValidatorFactoryConfigurationHelper -- HV000234: Using org.hibernate.validator.internal.engine.scripting.DefaultScriptEvaluatorFactory as ValidatorFactory-scoped script evaluator factory.
13:12:02.847 [main] INFO fr.carbon.ewen.domain.Simulation -- Starting simulation...
13:12:02.847 [main] INFO fr.carbon.ewen.domain.Simulation -- Step 0:
13:12:02.847 [main] INFO fr.carbon.ewen.domain.components.Explorer -- Explorer[name=explorer1, movements=[MOVE_FORWARD], state=Explorer.ExplorerState(position=Position[width=0, height=0], orientation=EAST, treasuresFound=0)] is moving forward
]]></system-out>
  </testcase>
  <testcase name="shouldStopSimulationWhenCollisionExplorerExplorer" classname="fr.carbon.ewen.simulation.MainTest" time="0.009">
    <system-out><![CDATA[13:12:02.849 [main] INFO fr.carbon.ewen.importer.SimulationImporter -- Line parsed successfully: C - 2 - 1
13:12:02.849 [main] INFO fr.carbon.ewen.importer.SimulationImporter -- Line parsed successfully: A - explorer1 - 0 - 0 - E - A
13:12:02.849 [main] INFO fr.carbon.ewen.importer.SimulationImporter -- Line parsed successfully: A - explorer2 - 1 - 0 - E - A
13:12:02.849 [main] DEBUG org.hibernate.validator.internal.xml.config.ValidationXmlParser -- Trying to load META-INF/validation.xml for XML based Validator configuration.
13:12:02.849 [main] DEBUG org.hibernate.validator.internal.xml.config.ResourceLoaderHelper -- Trying to load META-INF/validation.xml via TCCL
13:12:02.849 [main] DEBUG org.hibernate.validator.internal.xml.config.ResourceLoaderHelper -- Trying to load META-INF/validation.xml via Hibernate Validator's class loader
13:12:02.849 [main] DEBUG org.hibernate.validator.internal.xml.config.ValidationXmlParser -- No META-INF/validation.xml found. Using annotation based configuration only.
13:12:02.849 [main] DEBUG org.hibernate.validator.internal.engine.resolver.TraversableResolvers -- Cannot find jakarta.persistence.Persistence on classpath. Assuming non JPA 2 environment. All properties will per default be traversable.
13:12:02.849 [main] DEBUG org.hibernate.validator.messageinterpolation.ResourceBundleMessageInterpolator -- Loaded expression factory via original TCCL
13:12:02.850 [main] DEBUG org.hibernate.validator.internal.engine.ValidatorFactoryConfigurationHelper -- HV000252: Using org.hibernate.validator.internal.engine.DefaultPropertyNodeNameProvider as property node name provider.
13:12:02.850 [main] DEBUG org.hibernate.validator.internal.engine.ValidatorFactoryConfigurationHelper -- HV000234: Using org.hibernate.validator.messageinterpolation.ResourceBundleMessageInterpolator as ValidatorFactory-scoped message interpolator.
13:12:02.850 [main] DEBUG org.hibernate.validator.internal.engine.ValidatorFactoryConfigurationHelper -- HV000234: Using org.hibernate.validator.internal.engine.resolver.TraverseAllTraversableResolver as ValidatorFactory-scoped traversable resolver.
13:12:02.850 [main] DEBUG org.hibernate.validator.internal.engine.ValidatorFactoryConfigurationHelper -- HV000234: Using org.hibernate.validator.internal.util.ExecutableParameterNameProvider as ValidatorFactory-scoped parameter name provider.
13:12:02.850 [main] DEBUG org.hibernate.validator.internal.engine.ValidatorFactoryConfigurationHelper -- HV000234: Using org.hibernate.validator.internal.engine.DefaultClockProvider as ValidatorFactory-scoped clock provider.
13:12:02.850 [main] DEBUG org.hibernate.validator.internal.engine.ValidatorFactoryConfigurationHelper -- HV000234: Using org.hibernate.validator.internal.engine.scripting.DefaultScriptEvaluatorFactory as ValidatorFactory-scoped script evaluator factory.
13:12:02.857 [main] INFO fr.carbon.ewen.domain.Simulation -- Starting simulation...
13:12:02.857 [main] INFO fr.carbon.ewen.domain.Simulation -- Step 0:
13:12:02.857 [main] INFO fr.carbon.ewen.domain.components.Explorer -- Explorer[name=explorer1, movements=[MOVE_FORWARD], state=Explorer.ExplorerState(position=Position[width=0, height=0], orientation=EAST, treasuresFound=0)] is moving forward
13:12:02.857 [main] WARN fr.carbon.ewen.domain.components.Explorer -- Explorer[name=explorer2, movements=[MOVE_FORWARD], state=Explorer.ExplorerState(position=Position[width=1, height=0], orientation=EAST, treasuresFound=0)] collided with explorer Explorer[name=explorer1, movements=[MOVE_FORWARD], state=Explorer.ExplorerState(position=Position[width=1, height=0], orientation=EAST, treasuresFound=0)]
]]></system-out>
  </testcase>
  <testcase name="shouldRunSimulationWith1Player" classname="fr.carbon.ewen.simulation.MainTest" time="0.011">
    <system-out><![CDATA[13:12:02.858 [main] INFO fr.carbon.ewen.importer.SimulationImporter -- Line parsed successfully: C - 3 - 3
13:12:02.858 [main] INFO fr.carbon.ewen.importer.SimulationImporter -- Line parsed successfully: M - 0 - 0
13:12:02.859 [main] INFO fr.carbon.ewen.importer.SimulationImporter -- Line parsed successfully: M - 1 - 1
13:12:02.859 [main] INFO fr.carbon.ewen.importer.SimulationImporter -- Line parsed successfully: T - 2 - 2 - 1
13:12:02.859 [main] INFO fr.carbon.ewen.importer.SimulationImporter -- Line parsed successfully: A - explorer1 - 1 - 0 - S - GADAADAA
13:12:02.859 [main] DEBUG org.hibernate.validator.internal.xml.config.ValidationXmlParser -- Trying to load META-INF/validation.xml for XML based Validator configuration.
13:12:02.859 [main] DEBUG org.hibernate.validator.internal.xml.config.ResourceLoaderHelper -- Trying to load META-INF/validation.xml via TCCL
13:12:02.859 [main] DEBUG org.hibernate.validator.internal.xml.config.ResourceLoaderHelper -- Trying to load META-INF/validation.xml via Hibernate Validator's class loader
13:12:02.859 [main] DEBUG org.hibernate.validator.internal.xml.config.ValidationXmlParser -- No META-INF/validation.xml found. Using annotation based configuration only.
13:12:02.859 [main] DEBUG org.hibernate.validator.internal.engine.resolver.TraversableResolvers -- Cannot find jakarta.persistence.Persistence on classpath. Assuming non JPA 2 environment. All properties will per default be traversable.
13:12:02.859 [main] DEBUG org.hibernate.validator.messageinterpolation.ResourceBundleMessageInterpolator -- Loaded expression factory via original TCCL
13:12:02.860 [main] DEBUG org.hibernate.validator.internal.engine.ValidatorFactoryConfigurationHelper -- HV000252: Using org.hibernate.validator.internal.engine.DefaultPropertyNodeNameProvider as property node name provider.
13:12:02.860 [main] DEBUG org.hibernate.validator.internal.engine.ValidatorFactoryConfigurationHelper -- HV000234: Using org.hibernate.validator.messageinterpolation.ResourceBundleMessageInterpolator as ValidatorFactory-scoped message interpolator.
13:12:02.860 [main] DEBUG org.hibernate.validator.internal.engine.ValidatorFactoryConfigurationHelper -- HV000234: Using org.hibernate.validator.internal.engine.resolver.TraverseAllTraversableResolver as ValidatorFactory-scoped traversable resolver.
13:12:02.860 [main] DEBUG org.hibernate.validator.internal.engine.ValidatorFactoryConfigurationHelper -- HV000234: Using org.hibernate.validator.internal.util.ExecutableParameterNameProvider as ValidatorFactory-scoped parameter name provider.
13:12:02.860 [main] DEBUG org.hibernate.validator.internal.engine.ValidatorFactoryConfigurationHelper -- HV000234: Using org.hibernate.validator.internal.engine.DefaultClockProvider as ValidatorFactory-scoped clock provider.
13:12:02.860 [main] DEBUG org.hibernate.validator.internal.engine.ValidatorFactoryConfigurationHelper -- HV000234: Using org.hibernate.validator.internal.engine.scripting.DefaultScriptEvaluatorFactory as ValidatorFactory-scoped script evaluator factory.
13:12:02.868 [main] INFO fr.carbon.ewen.domain.Simulation -- Starting simulation...
13:12:02.868 [main] INFO fr.carbon.ewen.domain.Simulation -- Step 0:
13:12:02.868 [main] INFO fr.carbon.ewen.domain.components.Explorer -- Explorer[name=explorer1, movements=[ROTATE_LEFT, MOVE_FORWARD, ROTATE_RIGHT, MOVE_FORWARD, MOVE_FORWARD, ROTATE_RIGHT, MOVE_FORWARD, MOVE_FORWARD], state=Explorer.ExplorerState(position=Position[width=1, height=0], orientation=SOUTH, treasuresFound=0)] is rotating in left direction
13:12:02.868 [main] INFO fr.carbon.ewen.domain.Simulation -- Step 1:
13:12:02.868 [main] INFO fr.carbon.ewen.domain.components.Explorer -- Explorer[name=explorer1, movements=[ROTATE_LEFT, MOVE_FORWARD, ROTATE_RIGHT, MOVE_FORWARD, MOVE_FORWARD, ROTATE_RIGHT, MOVE_FORWARD, MOVE_FORWARD], state=Explorer.ExplorerState(position=Position[width=1, height=0], orientation=EAST, treasuresFound=0)] is moving forward
13:12:02.868 [main] INFO fr.carbon.ewen.domain.Simulation -- Step 2:
13:12:02.868 [main] INFO fr.carbon.ewen.domain.components.Explorer -- Explorer[name=explorer1, movements=[ROTATE_LEFT, MOVE_FORWARD, ROTATE_RIGHT, MOVE_FORWARD, MOVE_FORWARD, ROTATE_RIGHT, MOVE_FORWARD, MOVE_FORWARD], state=Explorer.ExplorerState(position=Position[width=2, height=0], orientation=EAST, treasuresFound=0)] is rotating in right direction
13:12:02.868 [main] INFO fr.carbon.ewen.domain.Simulation -- Step 3:
13:12:02.868 [main] INFO fr.carbon.ewen.domain.components.Explorer -- Explorer[name=explorer1, movements=[ROTATE_LEFT, MOVE_FORWARD, ROTATE_RIGHT, MOVE_FORWARD, MOVE_FORWARD, ROTATE_RIGHT, MOVE_FORWARD, MOVE_FORWARD], state=Explorer.ExplorerState(position=Position[width=2, height=0], orientation=SOUTH, treasuresFound=0)] is moving forward
13:12:02.868 [main] INFO fr.carbon.ewen.domain.Simulation -- Step 4:
13:12:02.868 [main] INFO fr.carbon.ewen.domain.components.Explorer -- Explorer[name=explorer1, movements=[ROTATE_LEFT, MOVE_FORWARD, ROTATE_RIGHT, MOVE_FORWARD, MOVE_FORWARD, ROTATE_RIGHT, MOVE_FORWARD, MOVE_FORWARD], state=Explorer.ExplorerState(position=Position[width=2, height=1], orientation=SOUTH, treasuresFound=0)] is moving forward
13:12:02.869 [main] INFO fr.carbon.ewen.domain.components.Explorer -- Explorer[name=explorer1, movements=[ROTATE_LEFT, MOVE_FORWARD, ROTATE_RIGHT, MOVE_FORWARD, MOVE_FORWARD, ROTATE_RIGHT, MOVE_FORWARD, MOVE_FORWARD], state=Explorer.ExplorerState(position=Position[width=2, height=2], orientation=SOUTH, treasuresFound=0)] collected a treasure Treasure[position=Position[width=2, height=2], state=Treasure.TreasureState(count=1)]
13:12:02.869 [main] INFO fr.carbon.ewen.domain.components.Treasure -- Treasure[position=Position[width=2, height=2], state=Treasure.TreasureState(count=1)] was collected by explorer Explorer[name=explorer1, movements=[ROTATE_LEFT, MOVE_FORWARD, ROTATE_RIGHT, MOVE_FORWARD, MOVE_FORWARD, ROTATE_RIGHT, MOVE_FORWARD, MOVE_FORWARD], state=Explorer.ExplorerState(position=Position[width=2, height=2], orientation=SOUTH, treasuresFound=1)]
13:12:02.869 [main] INFO fr.carbon.ewen.domain.Simulation -- Step 5:
13:12:02.869 [main] INFO fr.carbon.ewen.domain.components.Explorer -- Explorer[name=explorer1, movements=[ROTATE_LEFT, MOVE_FORWARD, ROTATE_RIGHT, MOVE_FORWARD, MOVE_FORWARD, ROTATE_RIGHT, MOVE_FORWARD, MOVE_FORWARD], state=Explorer.ExplorerState(position=Position[width=2, height=2], orientation=SOUTH, treasuresFound=1)] is rotating in right direction
13:12:02.869 [main] INFO fr.carbon.ewen.domain.Simulation -- Step 6:
13:12:02.869 [main] INFO fr.carbon.ewen.domain.components.Explorer -- Explorer[name=explorer1, movements=[ROTATE_LEFT, MOVE_FORWARD, ROTATE_RIGHT, MOVE_FORWARD, MOVE_FORWARD, ROTATE_RIGHT, MOVE_FORWARD, MOVE_FORWARD], state=Explorer.ExplorerState(position=Position[width=2, height=2], orientation=WEST, treasuresFound=1)] is moving forward
13:12:02.869 [main] INFO fr.carbon.ewen.domain.Simulation -- Step 7:
13:12:02.869 [main] INFO fr.carbon.ewen.domain.components.Explorer -- Explorer[name=explorer1, movements=[ROTATE_LEFT, MOVE_FORWARD, ROTATE_RIGHT, MOVE_FORWARD, MOVE_FORWARD, ROTATE_RIGHT, MOVE_FORWARD, MOVE_FORWARD], state=Explorer.ExplorerState(position=Position[width=1, height=2], orientation=WEST, treasuresFound=1)] is moving forward
13:12:02.869 [main] INFO fr.carbon.ewen.domain.Simulation -- Simulation finished...
]]></system-out>
  </testcase>
  <testcase name="shouldRunSimulationWith2Players" classname="fr.carbon.ewen.simulation.MainTest" time="0.01">
    <system-out><![CDATA[13:12:02.870 [main] INFO fr.carbon.ewen.importer.SimulationImporter -- Line parsed successfully: C - 1 - 5
13:12:02.870 [main] INFO fr.carbon.ewen.importer.SimulationImporter -- Line parsed successfully: T - 0 - 2 - 1
13:12:02.871 [main] INFO fr.carbon.ewen.importer.SimulationImporter -- Line parsed successfully: T - 0 - 3 - 1
13:12:02.871 [main] INFO fr.carbon.ewen.importer.SimulationImporter -- Line parsed successfully: T - 0 - 4 - 1
13:12:02.871 [main] INFO fr.carbon.ewen.importer.SimulationImporter -- Line parsed successfully: A - explorer1 - 0 - 1 - S - AAA
13:12:02.871 [main] INFO fr.carbon.ewen.importer.SimulationImporter -- Line parsed successfully: A - explorer2 - 0 - 0 - S - AAA
13:12:02.871 [main] DEBUG org.hibernate.validator.internal.xml.config.ValidationXmlParser -- Trying to load META-INF/validation.xml for XML based Validator configuration.
13:12:02.871 [main] DEBUG org.hibernate.validator.internal.xml.config.ResourceLoaderHelper -- Trying to load META-INF/validation.xml via TCCL
13:12:02.871 [main] DEBUG org.hibernate.validator.internal.xml.config.ResourceLoaderHelper -- Trying to load META-INF/validation.xml via Hibernate Validator's class loader
13:12:02.871 [main] DEBUG org.hibernate.validator.internal.xml.config.ValidationXmlParser -- No META-INF/validation.xml found. Using annotation based configuration only.
13:12:02.871 [main] DEBUG org.hibernate.validator.internal.engine.resolver.TraversableResolvers -- Cannot find jakarta.persistence.Persistence on classpath. Assuming non JPA 2 environment. All properties will per default be traversable.
13:12:02.871 [main] DEBUG org.hibernate.validator.messageinterpolation.ResourceBundleMessageInterpolator -- Loaded expression factory via original TCCL
13:12:02.872 [main] DEBUG org.hibernate.validator.internal.engine.ValidatorFactoryConfigurationHelper -- HV000252: Using org.hibernate.validator.internal.engine.DefaultPropertyNodeNameProvider as property node name provider.
13:12:02.872 [main] DEBUG org.hibernate.validator.internal.engine.ValidatorFactoryConfigurationHelper -- HV000234: Using org.hibernate.validator.messageinterpolation.ResourceBundleMessageInterpolator as ValidatorFactory-scoped message interpolator.
13:12:02.872 [main] DEBUG org.hibernate.validator.internal.engine.ValidatorFactoryConfigurationHelper -- HV000234: Using org.hibernate.validator.internal.engine.resolver.TraverseAllTraversableResolver as ValidatorFactory-scoped traversable resolver.
13:12:02.872 [main] DEBUG org.hibernate.validator.internal.engine.ValidatorFactoryConfigurationHelper -- HV000234: Using org.hibernate.validator.internal.util.ExecutableParameterNameProvider as ValidatorFactory-scoped parameter name provider.
13:12:02.872 [main] DEBUG org.hibernate.validator.internal.engine.ValidatorFactoryConfigurationHelper -- HV000234: Using org.hibernate.validator.internal.engine.DefaultClockProvider as ValidatorFactory-scoped clock provider.
13:12:02.872 [main] DEBUG org.hibernate.validator.internal.engine.ValidatorFactoryConfigurationHelper -- HV000234: Using org.hibernate.validator.internal.engine.scripting.DefaultScriptEvaluatorFactory as ValidatorFactory-scoped script evaluator factory.
13:12:02.879 [main] INFO fr.carbon.ewen.domain.Simulation -- Starting simulation...
13:12:02.879 [main] INFO fr.carbon.ewen.domain.Simulation -- Step 0:
13:12:02.879 [main] INFO fr.carbon.ewen.domain.components.Explorer -- Explorer[name=explorer1, movements=[MOVE_FORWARD, MOVE_FORWARD, MOVE_FORWARD], state=Explorer.ExplorerState(position=Position[width=0, height=1], orientation=SOUTH, treasuresFound=0)] is moving forward
13:12:02.879 [main] INFO fr.carbon.ewen.domain.components.Explorer -- Explorer[name=explorer1, movements=[MOVE_FORWARD, MOVE_FORWARD, MOVE_FORWARD], state=Explorer.ExplorerState(position=Position[width=0, height=2], orientation=SOUTH, treasuresFound=0)] collected a treasure Treasure[position=Position[width=0, height=2], state=Treasure.TreasureState(count=1)]
13:12:02.879 [main] INFO fr.carbon.ewen.domain.components.Treasure -- Treasure[position=Position[width=0, height=2], state=Treasure.TreasureState(count=1)] was collected by explorer Explorer[name=explorer1, movements=[MOVE_FORWARD, MOVE_FORWARD, MOVE_FORWARD], state=Explorer.ExplorerState(position=Position[width=0, height=2], orientation=SOUTH, treasuresFound=1)]
13:12:02.879 [main] INFO fr.carbon.ewen.domain.components.Explorer -- Explorer[name=explorer2, movements=[MOVE_FORWARD, MOVE_FORWARD, MOVE_FORWARD], state=Explorer.ExplorerState(position=Position[width=0, height=0], orientation=SOUTH, treasuresFound=0)] is moving forward
13:12:02.879 [main] WARN fr.carbon.ewen.domain.components.Explorer -- Explorer[name=explorer1, movements=[MOVE_FORWARD, MOVE_FORWARD, MOVE_FORWARD], state=Explorer.ExplorerState(position=Position[width=0, height=2], orientation=SOUTH, treasuresFound=1)] could not collect Treasure[position=Position[width=0, height=2], state=Treasure.TreasureState(count=0)]
13:12:02.879 [main] WARN fr.carbon.ewen.domain.components.Treasure -- Treasure[position=Position[width=0, height=2], state=Treasure.TreasureState(count=0)] could not be collected by Explorer[name=explorer1, movements=[MOVE_FORWARD, MOVE_FORWARD, MOVE_FORWARD], state=Explorer.ExplorerState(position=Position[width=0, height=2], orientation=SOUTH, treasuresFound=1)]
13:12:02.879 [main] INFO fr.carbon.ewen.domain.Simulation -- Step 1:
13:12:02.879 [main] INFO fr.carbon.ewen.domain.components.Explorer -- Explorer[name=explorer1, movements=[MOVE_FORWARD, MOVE_FORWARD, MOVE_FORWARD], state=Explorer.ExplorerState(position=Position[width=0, height=2], orientation=SOUTH, treasuresFound=1)] is moving forward
13:12:02.879 [main] INFO fr.carbon.ewen.domain.components.Explorer -- Explorer[name=explorer1, movements=[MOVE_FORWARD, MOVE_FORWARD, MOVE_FORWARD], state=Explorer.ExplorerState(position=Position[width=0, height=3], orientation=SOUTH, treasuresFound=1)] collected a treasure Treasure[position=Position[width=0, height=3], state=Treasure.TreasureState(count=1)]
13:12:02.879 [main] INFO fr.carbon.ewen.domain.components.Treasure -- Treasure[position=Position[width=0, height=3], state=Treasure.TreasureState(count=1)] was collected by explorer Explorer[name=explorer1, movements=[MOVE_FORWARD, MOVE_FORWARD, MOVE_FORWARD], state=Explorer.ExplorerState(position=Position[width=0, height=3], orientation=SOUTH, treasuresFound=2)]
13:12:02.879 [main] INFO fr.carbon.ewen.domain.components.Explorer -- Explorer[name=explorer2, movements=[MOVE_FORWARD, MOVE_FORWARD, MOVE_FORWARD], state=Explorer.ExplorerState(position=Position[width=0, height=1], orientation=SOUTH, treasuresFound=0)] is moving forward
13:12:02.879 [main] WARN fr.carbon.ewen.domain.components.Explorer -- Explorer[name=explorer2, movements=[MOVE_FORWARD, MOVE_FORWARD, MOVE_FORWARD], state=Explorer.ExplorerState(position=Position[width=0, height=2], orientation=SOUTH, treasuresFound=0)] could not collect Treasure[position=Position[width=0, height=2], state=Treasure.TreasureState(count=0)]
13:12:02.879 [main] WARN fr.carbon.ewen.domain.components.Treasure -- Treasure[position=Position[width=0, height=2], state=Treasure.TreasureState(count=0)] could not be collected by Explorer[name=explorer2, movements=[MOVE_FORWARD, MOVE_FORWARD, MOVE_FORWARD], state=Explorer.ExplorerState(position=Position[width=0, height=2], orientation=SOUTH, treasuresFound=0)]
13:12:02.879 [main] WARN fr.carbon.ewen.domain.components.Explorer -- Explorer[name=explorer1, movements=[MOVE_FORWARD, MOVE_FORWARD, MOVE_FORWARD], state=Explorer.ExplorerState(position=Position[width=0, height=3], orientation=SOUTH, treasuresFound=2)] could not collect Treasure[position=Position[width=0, height=3], state=Treasure.TreasureState(count=0)]
13:12:02.879 [main] WARN fr.carbon.ewen.domain.components.Treasure -- Treasure[position=Position[width=0, height=3], state=Treasure.TreasureState(count=0)] could not be collected by Explorer[name=explorer1, movements=[MOVE_FORWARD, MOVE_FORWARD, MOVE_FORWARD], state=Explorer.ExplorerState(position=Position[width=0, height=3], orientation=SOUTH, treasuresFound=2)]
13:12:02.879 [main] INFO fr.carbon.ewen.domain.Simulation -- Step 2:
13:12:02.879 [main] INFO fr.carbon.ewen.domain.components.Explorer -- Explorer[name=explorer1, movements=[MOVE_FORWARD, MOVE_FORWARD, MOVE_FORWARD], state=Explorer.ExplorerState(position=Position[width=0, height=3], orientation=SOUTH, treasuresFound=2)] is moving forward
13:12:02.880 [main] WARN fr.carbon.ewen.domain.components.Explorer -- Explorer[name=explorer2, movements=[MOVE_FORWARD, MOVE_FORWARD, MOVE_FORWARD], state=Explorer.ExplorerState(position=Position[width=0, height=2], orientation=SOUTH, treasuresFound=0)] could not collect Treasure[position=Position[width=0, height=2], state=Treasure.TreasureState(count=0)]
13:12:02.880 [main] WARN fr.carbon.ewen.domain.components.Treasure -- Treasure[position=Position[width=0, height=2], state=Treasure.TreasureState(count=0)] could not be collected by Explorer[name=explorer2, movements=[MOVE_FORWARD, MOVE_FORWARD, MOVE_FORWARD], state=Explorer.ExplorerState(position=Position[width=0, height=2], orientation=SOUTH, treasuresFound=0)]
13:12:02.880 [main] INFO fr.carbon.ewen.domain.components.Explorer -- Explorer[name=explorer1, movements=[MOVE_FORWARD, MOVE_FORWARD, MOVE_FORWARD], state=Explorer.ExplorerState(position=Position[width=0, height=4], orientation=SOUTH, treasuresFound=2)] collected a treasure Treasure[position=Position[width=0, height=4], state=Treasure.TreasureState(count=1)]
13:12:02.880 [main] INFO fr.carbon.ewen.domain.components.Treasure -- Treasure[position=Position[width=0, height=4], state=Treasure.TreasureState(count=1)] was collected by explorer Explorer[name=explorer1, movements=[MOVE_FORWARD, MOVE_FORWARD, MOVE_FORWARD], state=Explorer.ExplorerState(position=Position[width=0, height=4], orientation=SOUTH, treasuresFound=3)]
13:12:02.880 [main] INFO fr.carbon.ewen.domain.components.Explorer -- Explorer[name=explorer2, movements=[MOVE_FORWARD, MOVE_FORWARD, MOVE_FORWARD], state=Explorer.ExplorerState(position=Position[width=0, height=2], orientation=SOUTH, treasuresFound=0)] is moving forward
13:12:02.880 [main] WARN fr.carbon.ewen.domain.components.Explorer -- Explorer[name=explorer2, movements=[MOVE_FORWARD, MOVE_FORWARD, MOVE_FORWARD], state=Explorer.ExplorerState(position=Position[width=0, height=3], orientation=SOUTH, treasuresFound=0)] could not collect Treasure[position=Position[width=0, height=3], state=Treasure.TreasureState(count=0)]
13:12:02.880 [main] WARN fr.carbon.ewen.domain.components.Treasure -- Treasure[position=Position[width=0, height=3], state=Treasure.TreasureState(count=0)] could not be collected by Explorer[name=explorer2, movements=[MOVE_FORWARD, MOVE_FORWARD, MOVE_FORWARD], state=Explorer.ExplorerState(position=Position[width=0, height=3], orientation=SOUTH, treasuresFound=0)]
13:12:02.880 [main] WARN fr.carbon.ewen.domain.components.Explorer -- Explorer[name=explorer1, movements=[MOVE_FORWARD, MOVE_FORWARD, MOVE_FORWARD], state=Explorer.ExplorerState(position=Position[width=0, height=4], orientation=SOUTH, treasuresFound=3)] could not collect Treasure[position=Position[width=0, height=4], state=Treasure.TreasureState(count=0)]
13:12:02.880 [main] WARN fr.carbon.ewen.domain.components.Treasure -- Treasure[position=Position[width=0, height=4], state=Treasure.TreasureState(count=0)] could not be collected by Explorer[name=explorer1, movements=[MOVE_FORWARD, MOVE_FORWARD, MOVE_FORWARD], state=Explorer.ExplorerState(position=Position[width=0, height=4], orientation=SOUTH, treasuresFound=3)]
13:12:02.880 [main] INFO fr.carbon.ewen.domain.Simulation -- Simulation finished...
]]></system-out>
  </testcase>
</testsuite>