<?xml version="1.0" encoding="UTF-8"?>
<testsuite xmlns:xsi="http://www.w3.org/2001/XMLSchema-instance" xsi:noNamespaceSchemaLocation="https://maven.apache.org/surefire/maven-surefire-plugin/xsd/surefire-test-report-3.0.xsd" version="3.0" name="fr.carbon.ewen.app.MainTest" time="0.251" tests="3" errors="0" skipped="0" failures="0">
  <properties>
[...]
</properties>
  <testcase name="shouldRunSimulation" classname="fr.carbon.ewen.app.MainTest" time="0.195">
    <system-out><![CDATA[10:36:33.717 [main] DEBUG org.jboss.logging -- Logging Provider: org.jboss.logging.Slf4jLoggerProvider
10:36:33.718 [main] INFO org.hibernate.validator.internal.util.Version -- HV000001: Hibernate Validator 8.0.1.Final
10:36:33.720 [main] DEBUG org.hibernate.validator.internal.xml.config.ValidationXmlParser -- Trying to load META-INF/validation.xml for XML based Validator configuration.
10:36:33.720 [main] DEBUG org.hibernate.validator.internal.xml.config.ResourceLoaderHelper -- Trying to load META-INF/validation.xml via TCCL
10:36:33.720 [main] DEBUG org.hibernate.validator.internal.xml.config.ResourceLoaderHelper -- Trying to load META-INF/validation.xml via Hibernate Validator's class loader
10:36:33.720 [main] DEBUG org.hibernate.validator.internal.xml.config.ValidationXmlParser -- No META-INF/validation.xml found. Using annotation based configuration only.
10:36:33.721 [main] DEBUG org.hibernate.validator.internal.engine.resolver.TraversableResolvers -- Cannot find jakarta.persistence.Persistence on classpath. Assuming non JPA 2 environment. All properties will per default be traversable.
10:36:33.728 [main] DEBUG org.hibernate.validator.messageinterpolation.ResourceBundleMessageInterpolator -- Loaded expression factory via original TCCL
10:36:33.749 [main] DEBUG org.hibernate.validator.internal.engine.ValidatorFactoryConfigurationHelper -- HV000252: Using org.hibernate.validator.internal.engine.DefaultPropertyNodeNameProvider as property node name provider.
10:36:33.750 [main] DEBUG org.hibernate.validator.internal.engine.ValidatorFactoryConfigurationHelper -- HV000234: Using org.hibernate.validator.messageinterpolation.ResourceBundleMessageInterpolator as ValidatorFactory-scoped message interpolator.
10:36:33.750 [main] DEBUG org.hibernate.validator.internal.engine.ValidatorFactoryConfigurationHelper -- HV000234: Using org.hibernate.validator.internal.engine.resolver.TraverseAllTraversableResolver as ValidatorFactory-scoped traversable resolver.
10:36:33.750 [main] DEBUG org.hibernate.validator.internal.engine.ValidatorFactoryConfigurationHelper -- HV000234: Using org.hibernate.validator.internal.util.ExecutableParameterNameProvider as ValidatorFactory-scoped parameter name provider.
10:36:33.750 [main] DEBUG org.hibernate.validator.internal.engine.ValidatorFactoryConfigurationHelper -- HV000234: Using org.hibernate.validator.internal.engine.DefaultClockProvider as ValidatorFactory-scoped clock provider.
10:36:33.750 [main] DEBUG org.hibernate.validator.internal.engine.ValidatorFactoryConfigurationHelper -- HV000234: Using org.hibernate.validator.internal.engine.scripting.DefaultScriptEvaluatorFactory as ValidatorFactory-scoped script evaluator factory.
10:36:33.803 [main] INFO fr.carbon.ewen.domain.Simulation -- Starting simulation...
10:36:33.804 [main] INFO fr.carbon.ewen.domain.Simulation -- Step 0:
10:36:33.805 [main] INFO fr.carbon.ewen.domain.components.Explorer -- Explorer[name=explorer1, movements=[ROTATE_LEFT, MOVE_FORWARD, ROTATE_RIGHT, MOVE_FORWARD, MOVE_FORWARD, ROTATE_RIGHT, MOVE_FORWARD, MOVE_FORWARD], state=Explorer.ExplorerState(position=Position[width=1, height=0], orientation=SOUTH, treasuresFound=0)] is rotating in left direction
10:36:33.808 [main] INFO fr.carbon.ewen.domain.Simulation -- Step 1:
10:36:33.808 [main] INFO fr.carbon.ewen.domain.components.Explorer -- Explorer[name=explorer1, movements=[ROTATE_LEFT, MOVE_FORWARD, ROTATE_RIGHT, MOVE_FORWARD, MOVE_FORWARD, ROTATE_RIGHT, MOVE_FORWARD, MOVE_FORWARD], state=Explorer.ExplorerState(position=Position[width=1, height=0], orientation=EAST, treasuresFound=0)] is moving forward
10:36:33.808 [main] INFO fr.carbon.ewen.domain.Simulation -- Step 2:
10:36:33.808 [main] INFO fr.carbon.ewen.domain.components.Explorer -- Explorer[name=explorer1, movements=[ROTATE_LEFT, MOVE_FORWARD, ROTATE_RIGHT, MOVE_FORWARD, MOVE_FORWARD, ROTATE_RIGHT, MOVE_FORWARD, MOVE_FORWARD], state=Explorer.ExplorerState(position=Position[width=2, height=0], orientation=EAST, treasuresFound=0)] is rotating in right direction
10:36:33.808 [main] INFO fr.carbon.ewen.domain.Simulation -- Step 3:
10:36:33.808 [main] INFO fr.carbon.ewen.domain.components.Explorer -- Explorer[name=explorer1, movements=[ROTATE_LEFT, MOVE_FORWARD, ROTATE_RIGHT, MOVE_FORWARD, MOVE_FORWARD, ROTATE_RIGHT, MOVE_FORWARD, MOVE_FORWARD], state=Explorer.ExplorerState(position=Position[width=2, height=0], orientation=SOUTH, treasuresFound=0)] is moving forward
10:36:33.808 [main] INFO fr.carbon.ewen.domain.Simulation -- Step 4:
10:36:33.809 [main] INFO fr.carbon.ewen.domain.components.Explorer -- Explorer[name=explorer1, movements=[ROTATE_LEFT, MOVE_FORWARD, ROTATE_RIGHT, MOVE_FORWARD, MOVE_FORWARD, ROTATE_RIGHT, MOVE_FORWARD, MOVE_FORWARD], state=Explorer.ExplorerState(position=Position[width=2, height=1], orientation=SOUTH, treasuresFound=0)] is moving forward
10:36:33.814 [main] INFO fr.carbon.ewen.domain.components.Explorer -- Explorer[name=explorer1, movements=[ROTATE_LEFT, MOVE_FORWARD, ROTATE_RIGHT, MOVE_FORWARD, MOVE_FORWARD, ROTATE_RIGHT, MOVE_FORWARD, MOVE_FORWARD], state=Explorer.ExplorerState(position=Position[width=2, height=2], orientation=SOUTH, treasuresFound=0)] collected a treasure Treasure[position=Position[width=2, height=2], state=Treasure.TreasureState(count=1)]
10:36:33.815 [main] WARN fr.carbon.ewen.domain.components.Treasure -- Treasure[position=Position[width=2, height=2], state=Treasure.TreasureState(count=1)] was collected by explorer Explorer[name=explorer1, movements=[ROTATE_LEFT, MOVE_FORWARD, ROTATE_RIGHT, MOVE_FORWARD, MOVE_FORWARD, ROTATE_RIGHT, MOVE_FORWARD, MOVE_FORWARD], state=Explorer.ExplorerState(position=Position[width=2, height=2], orientation=SOUTH, treasuresFound=1)]
10:36:33.815 [main] INFO fr.carbon.ewen.domain.Simulation -- Step 5:
10:36:33.815 [main] INFO fr.carbon.ewen.domain.components.Explorer -- Explorer[name=explorer1, movements=[ROTATE_LEFT, MOVE_FORWARD, ROTATE_RIGHT, MOVE_FORWARD, MOVE_FORWARD, ROTATE_RIGHT, MOVE_FORWARD, MOVE_FORWARD], state=Explorer.ExplorerState(position=Position[width=2, height=2], orientation=SOUTH, treasuresFound=1)] is rotating in right direction
10:36:33.815 [main] INFO fr.carbon.ewen.domain.Simulation -- Step 6:
10:36:33.815 [main] INFO fr.carbon.ewen.domain.components.Explorer -- Explorer[name=explorer1, movements=[ROTATE_LEFT, MOVE_FORWARD, ROTATE_RIGHT, MOVE_FORWARD, MOVE_FORWARD, ROTATE_RIGHT, MOVE_FORWARD, MOVE_FORWARD], state=Explorer.ExplorerState(position=Position[width=2, height=2], orientation=WEST, treasuresFound=1)] is moving forward
10:36:33.816 [main] INFO fr.carbon.ewen.domain.Simulation -- Step 7:
10:36:33.816 [main] INFO fr.carbon.ewen.domain.components.Explorer -- Explorer[name=explorer1, movements=[ROTATE_LEFT, MOVE_FORWARD, ROTATE_RIGHT, MOVE_FORWARD, MOVE_FORWARD, ROTATE_RIGHT, MOVE_FORWARD, MOVE_FORWARD], state=Explorer.ExplorerState(position=Position[width=1, height=2], orientation=WEST, treasuresFound=1)] is moving forward
10:36:33.816 [main] INFO fr.carbon.ewen.domain.Simulation -- Simulation finished...
10:36:33.817 [main] DEBUG org.hibernate.validator.internal.xml.config.ValidationXmlParser -- Trying to load META-INF/validation.xml for XML based Validator configuration.
10:36:33.817 [main] DEBUG org.hibernate.validator.internal.xml.config.ResourceLoaderHelper -- Trying to load META-INF/validation.xml via TCCL
10:36:33.817 [main] DEBUG org.hibernate.validator.internal.xml.config.ResourceLoaderHelper -- Trying to load META-INF/validation.xml via Hibernate Validator's class loader
10:36:33.817 [main] DEBUG org.hibernate.validator.internal.xml.config.ValidationXmlParser -- No META-INF/validation.xml found. Using annotation based configuration only.
10:36:33.817 [main] DEBUG org.hibernate.validator.internal.engine.resolver.TraversableResolvers -- Cannot find jakarta.persistence.Persistence on classpath. Assuming non JPA 2 environment. All properties will per default be traversable.
10:36:33.817 [main] DEBUG org.hibernate.validator.messageinterpolation.ResourceBundleMessageInterpolator -- Loaded expression factory via original TCCL
10:36:33.818 [main] DEBUG org.hibernate.validator.internal.engine.ValidatorFactoryConfigurationHelper -- HV000252: Using org.hibernate.validator.internal.engine.DefaultPropertyNodeNameProvider as property node name provider.
10:36:33.818 [main] DEBUG org.hibernate.validator.internal.engine.ValidatorFactoryConfigurationHelper -- HV000234: Using org.hibernate.validator.messageinterpolation.ResourceBundleMessageInterpolator as ValidatorFactory-scoped message interpolator.
10:36:33.818 [main] DEBUG org.hibernate.validator.internal.engine.ValidatorFactoryConfigurationHelper -- HV000234: Using org.hibernate.validator.internal.engine.resolver.TraverseAllTraversableResolver as ValidatorFactory-scoped traversable resolver.
10:36:33.818 [main] DEBUG org.hibernate.validator.internal.engine.ValidatorFactoryConfigurationHelper -- HV000234: Using org.hibernate.validator.internal.util.ExecutableParameterNameProvider as ValidatorFactory-scoped parameter name provider.
10:36:33.818 [main] DEBUG org.hibernate.validator.internal.engine.ValidatorFactoryConfigurationHelper -- HV000234: Using org.hibernate.validator.internal.engine.DefaultClockProvider as ValidatorFactory-scoped clock provider.
10:36:33.818 [main] DEBUG org.hibernate.validator.internal.engine.ValidatorFactoryConfigurationHelper -- HV000234: Using org.hibernate.validator.internal.engine.scripting.DefaultScriptEvaluatorFactory as ValidatorFactory-scoped script evaluator factory.
]]></system-out>
  </testcase>
  <testcase name="shouldStopSimulationWhenOutOfBound" classname="fr.carbon.ewen.app.MainTest" time="0.039">
    <system-out><![CDATA[10:36:33.857 [main] DEBUG org.hibernate.validator.internal.xml.config.ValidationXmlParser -- Trying to load META-INF/validation.xml for XML based Validator configuration.
10:36:33.857 [main] DEBUG org.hibernate.validator.internal.xml.config.ResourceLoaderHelper -- Trying to load META-INF/validation.xml via TCCL
10:36:33.857 [main] DEBUG org.hibernate.validator.internal.xml.config.ResourceLoaderHelper -- Trying to load META-INF/validation.xml via Hibernate Validator's class loader
10:36:33.857 [main] DEBUG org.hibernate.validator.internal.xml.config.ValidationXmlParser -- No META-INF/validation.xml found. Using annotation based configuration only.
10:36:33.858 [main] DEBUG org.hibernate.validator.internal.engine.resolver.TraversableResolvers -- Cannot find jakarta.persistence.Persistence on classpath. Assuming non JPA 2 environment. All properties will per default be traversable.
10:36:33.858 [main] DEBUG org.hibernate.validator.messageinterpolation.ResourceBundleMessageInterpolator -- Loaded expression factory via original TCCL
10:36:33.858 [main] DEBUG org.hibernate.validator.internal.engine.ValidatorFactoryConfigurationHelper -- HV000252: Using org.hibernate.validator.internal.engine.DefaultPropertyNodeNameProvider as property node name provider.
10:36:33.858 [main] DEBUG org.hibernate.validator.internal.engine.ValidatorFactoryConfigurationHelper -- HV000234: Using org.hibernate.validator.messageinterpolation.ResourceBundleMessageInterpolator as ValidatorFactory-scoped message interpolator.
10:36:33.858 [main] DEBUG org.hibernate.validator.internal.engine.ValidatorFactoryConfigurationHelper -- HV000234: Using org.hibernate.validator.internal.engine.resolver.TraverseAllTraversableResolver as ValidatorFactory-scoped traversable resolver.
10:36:33.858 [main] DEBUG org.hibernate.validator.internal.engine.ValidatorFactoryConfigurationHelper -- HV000234: Using org.hibernate.validator.internal.util.ExecutableParameterNameProvider as ValidatorFactory-scoped parameter name provider.
10:36:33.859 [main] DEBUG org.hibernate.validator.internal.engine.ValidatorFactoryConfigurationHelper -- HV000234: Using org.hibernate.validator.internal.engine.DefaultClockProvider as ValidatorFactory-scoped clock provider.
10:36:33.859 [main] DEBUG org.hibernate.validator.internal.engine.ValidatorFactoryConfigurationHelper -- HV000234: Using org.hibernate.validator.internal.engine.scripting.DefaultScriptEvaluatorFactory as ValidatorFactory-scoped script evaluator factory.
10:36:33.867 [main] INFO fr.carbon.ewen.domain.Simulation -- Starting simulation...
10:36:33.867 [main] INFO fr.carbon.ewen.domain.Simulation -- Step 0:
10:36:33.867 [main] INFO fr.carbon.ewen.domain.components.Explorer -- Explorer[name=explorer1, movements=[MOVE_FORWARD], state=Explorer.ExplorerState(position=Position[width=0, height=0], orientation=NORTH, treasuresFound=0)] is moving forward
10:36:33.868 [main] DEBUG org.hibernate.validator.internal.xml.config.ValidationXmlParser -- Trying to load META-INF/validation.xml for XML based Validator configuration.
10:36:33.868 [main] DEBUG org.hibernate.validator.internal.xml.config.ResourceLoaderHelper -- Trying to load META-INF/validation.xml via TCCL
10:36:33.868 [main] DEBUG org.hibernate.validator.internal.xml.config.ResourceLoaderHelper -- Trying to load META-INF/validation.xml via Hibernate Validator's class loader
10:36:33.868 [main] DEBUG org.hibernate.validator.internal.xml.config.ValidationXmlParser -- No META-INF/validation.xml found. Using annotation based configuration only.
10:36:33.869 [main] DEBUG org.hibernate.validator.internal.engine.resolver.TraversableResolvers -- Cannot find jakarta.persistence.Persistence on classpath. Assuming non JPA 2 environment. All properties will per default be traversable.
10:36:33.869 [main] DEBUG org.hibernate.validator.messageinterpolation.ResourceBundleMessageInterpolator -- Loaded expression factory via original TCCL
10:36:33.869 [main] DEBUG org.hibernate.validator.internal.engine.ValidatorFactoryConfigurationHelper -- HV000252: Using org.hibernate.validator.internal.engine.DefaultPropertyNodeNameProvider as property node name provider.
10:36:33.869 [main] DEBUG org.hibernate.validator.internal.engine.ValidatorFactoryConfigurationHelper -- HV000234: Using org.hibernate.validator.messageinterpolation.ResourceBundleMessageInterpolator as ValidatorFactory-scoped message interpolator.
10:36:33.869 [main] DEBUG org.hibernate.validator.internal.engine.ValidatorFactoryConfigurationHelper -- HV000234: Using org.hibernate.validator.internal.engine.resolver.TraverseAllTraversableResolver as ValidatorFactory-scoped traversable resolver.
10:36:33.869 [main] DEBUG org.hibernate.validator.internal.engine.ValidatorFactoryConfigurationHelper -- HV000234: Using org.hibernate.validator.internal.util.ExecutableParameterNameProvider as ValidatorFactory-scoped parameter name provider.
10:36:33.869 [main] DEBUG org.hibernate.validator.internal.engine.ValidatorFactoryConfigurationHelper -- HV000234: Using org.hibernate.validator.internal.engine.DefaultClockProvider as ValidatorFactory-scoped clock provider.
10:36:33.870 [main] DEBUG org.hibernate.validator.internal.engine.ValidatorFactoryConfigurationHelper -- HV000234: Using org.hibernate.validator.internal.engine.scripting.DefaultScriptEvaluatorFactory as ValidatorFactory-scoped script evaluator factory.
10:36:33.877 [main] INFO fr.carbon.ewen.domain.Simulation -- Starting simulation...
10:36:33.877 [main] INFO fr.carbon.ewen.domain.Simulation -- Step 0:
10:36:33.877 [main] INFO fr.carbon.ewen.domain.components.Explorer -- Explorer[name=explorer1, movements=[MOVE_FORWARD], state=Explorer.ExplorerState(position=Position[width=0, height=0], orientation=SOUTH, treasuresFound=0)] is moving forward
10:36:33.878 [main] DEBUG org.hibernate.validator.internal.xml.config.ValidationXmlParser -- Trying to load META-INF/validation.xml for XML based Validator configuration.
10:36:33.878 [main] DEBUG org.hibernate.validator.internal.xml.config.ResourceLoaderHelper -- Trying to load META-INF/validation.xml via TCCL
10:36:33.878 [main] DEBUG org.hibernate.validator.internal.xml.config.ResourceLoaderHelper -- Trying to load META-INF/validation.xml via Hibernate Validator's class loader
10:36:33.878 [main] DEBUG org.hibernate.validator.internal.xml.config.ValidationXmlParser -- No META-INF/validation.xml found. Using annotation based configuration only.
10:36:33.878 [main] DEBUG org.hibernate.validator.internal.engine.resolver.TraversableResolvers -- Cannot find jakarta.persistence.Persistence on classpath. Assuming non JPA 2 environment. All properties will per default be traversable.
10:36:33.878 [main] DEBUG org.hibernate.validator.messageinterpolation.ResourceBundleMessageInterpolator -- Loaded expression factory via original TCCL
10:36:33.879 [main] DEBUG org.hibernate.validator.internal.engine.ValidatorFactoryConfigurationHelper -- HV000252: Using org.hibernate.validator.internal.engine.DefaultPropertyNodeNameProvider as property node name provider.
10:36:33.879 [main] DEBUG org.hibernate.validator.internal.engine.ValidatorFactoryConfigurationHelper -- HV000234: Using org.hibernate.validator.messageinterpolation.ResourceBundleMessageInterpolator as ValidatorFactory-scoped message interpolator.
10:36:33.879 [main] DEBUG org.hibernate.validator.internal.engine.ValidatorFactoryConfigurationHelper -- HV000234: Using org.hibernate.validator.internal.engine.resolver.TraverseAllTraversableResolver as ValidatorFactory-scoped traversable resolver.
10:36:33.879 [main] DEBUG org.hibernate.validator.internal.engine.ValidatorFactoryConfigurationHelper -- HV000234: Using org.hibernate.validator.internal.util.ExecutableParameterNameProvider as ValidatorFactory-scoped parameter name provider.
10:36:33.879 [main] DEBUG org.hibernate.validator.internal.engine.ValidatorFactoryConfigurationHelper -- HV000234: Using org.hibernate.validator.internal.engine.DefaultClockProvider as ValidatorFactory-scoped clock provider.
10:36:33.879 [main] DEBUG org.hibernate.validator.internal.engine.ValidatorFactoryConfigurationHelper -- HV000234: Using org.hibernate.validator.internal.engine.scripting.DefaultScriptEvaluatorFactory as ValidatorFactory-scoped script evaluator factory.
10:36:33.886 [main] INFO fr.carbon.ewen.domain.Simulation -- Starting simulation...
10:36:33.886 [main] INFO fr.carbon.ewen.domain.Simulation -- Step 0:
10:36:33.886 [main] INFO fr.carbon.ewen.domain.components.Explorer -- Explorer[name=explorer1, movements=[MOVE_FORWARD], state=Explorer.ExplorerState(position=Position[width=0, height=0], orientation=WEST, treasuresFound=0)] is moving forward
10:36:33.887 [main] DEBUG org.hibernate.validator.internal.xml.config.ValidationXmlParser -- Trying to load META-INF/validation.xml for XML based Validator configuration.
10:36:33.887 [main] DEBUG org.hibernate.validator.internal.xml.config.ResourceLoaderHelper -- Trying to load META-INF/validation.xml via TCCL
10:36:33.887 [main] DEBUG org.hibernate.validator.internal.xml.config.ResourceLoaderHelper -- Trying to load META-INF/validation.xml via Hibernate Validator's class loader
10:36:33.887 [main] DEBUG org.hibernate.validator.internal.xml.config.ValidationXmlParser -- No META-INF/validation.xml found. Using annotation based configuration only.
10:36:33.887 [main] DEBUG org.hibernate.validator.internal.engine.resolver.TraversableResolvers -- Cannot find jakarta.persistence.Persistence on classpath. Assuming non JPA 2 environment. All properties will per default be traversable.
10:36:33.887 [main] DEBUG org.hibernate.validator.messageinterpolation.ResourceBundleMessageInterpolator -- Loaded expression factory via original TCCL
10:36:33.888 [main] DEBUG org.hibernate.validator.internal.engine.ValidatorFactoryConfigurationHelper -- HV000252: Using org.hibernate.validator.internal.engine.DefaultPropertyNodeNameProvider as property node name provider.
10:36:33.888 [main] DEBUG org.hibernate.validator.internal.engine.ValidatorFactoryConfigurationHelper -- HV000234: Using org.hibernate.validator.messageinterpolation.ResourceBundleMessageInterpolator as ValidatorFactory-scoped message interpolator.
10:36:33.888 [main] DEBUG org.hibernate.validator.internal.engine.ValidatorFactoryConfigurationHelper -- HV000234: Using org.hibernate.validator.internal.engine.resolver.TraverseAllTraversableResolver as ValidatorFactory-scoped traversable resolver.
10:36:33.888 [main] DEBUG org.hibernate.validator.internal.engine.ValidatorFactoryConfigurationHelper -- HV000234: Using org.hibernate.validator.internal.util.ExecutableParameterNameProvider as ValidatorFactory-scoped parameter name provider.
10:36:33.888 [main] DEBUG org.hibernate.validator.internal.engine.ValidatorFactoryConfigurationHelper -- HV000234: Using org.hibernate.validator.internal.engine.DefaultClockProvider as ValidatorFactory-scoped clock provider.
10:36:33.888 [main] DEBUG org.hibernate.validator.internal.engine.ValidatorFactoryConfigurationHelper -- HV000234: Using org.hibernate.validator.internal.engine.scripting.DefaultScriptEvaluatorFactory as ValidatorFactory-scoped script evaluator factory.
10:36:33.894 [main] INFO fr.carbon.ewen.domain.Simulation -- Starting simulation...
10:36:33.894 [main] INFO fr.carbon.ewen.domain.Simulation -- Step 0:
10:36:33.894 [main] INFO fr.carbon.ewen.domain.components.Explorer -- Explorer[name=explorer1, movements=[MOVE_FORWARD], state=Explorer.ExplorerState(position=Position[width=0, height=0], orientation=EAST, treasuresFound=0)] is moving forward
]]></system-out>
  </testcase>
  <testcase name="shouldStopSimulationWhenCollisionWithMountain" classname="fr.carbon.ewen.app.MainTest" time="0.01">
    <system-out><![CDATA[10:36:33.896 [main] DEBUG org.hibernate.validator.internal.xml.config.ValidationXmlParser -- Trying to load META-INF/validation.xml for XML based Validator configuration.
10:36:33.896 [main] DEBUG org.hibernate.validator.internal.xml.config.ResourceLoaderHelper -- Trying to load META-INF/validation.xml via TCCL
10:36:33.896 [main] DEBUG org.hibernate.validator.internal.xml.config.ResourceLoaderHelper -- Trying to load META-INF/validation.xml via Hibernate Validator's class loader
10:36:33.896 [main] DEBUG org.hibernate.validator.internal.xml.config.ValidationXmlParser -- No META-INF/validation.xml found. Using annotation based configuration only.
10:36:33.896 [main] DEBUG org.hibernate.validator.internal.engine.resolver.TraversableResolvers -- Cannot find jakarta.persistence.Persistence on classpath. Assuming non JPA 2 environment. All properties will per default be traversable.
10:36:33.896 [main] DEBUG org.hibernate.validator.messageinterpolation.ResourceBundleMessageInterpolator -- Loaded expression factory via original TCCL
10:36:33.897 [main] DEBUG org.hibernate.validator.internal.engine.ValidatorFactoryConfigurationHelper -- HV000252: Using org.hibernate.validator.internal.engine.DefaultPropertyNodeNameProvider as property node name provider.
10:36:33.897 [main] DEBUG org.hibernate.validator.internal.engine.ValidatorFactoryConfigurationHelper -- HV000234: Using org.hibernate.validator.messageinterpolation.ResourceBundleMessageInterpolator as ValidatorFactory-scoped message interpolator.
10:36:33.897 [main] DEBUG org.hibernate.validator.internal.engine.ValidatorFactoryConfigurationHelper -- HV000234: Using org.hibernate.validator.internal.engine.resolver.TraverseAllTraversableResolver as ValidatorFactory-scoped traversable resolver.
10:36:33.897 [main] DEBUG org.hibernate.validator.internal.engine.ValidatorFactoryConfigurationHelper -- HV000234: Using org.hibernate.validator.internal.util.ExecutableParameterNameProvider as ValidatorFactory-scoped parameter name provider.
10:36:33.897 [main] DEBUG org.hibernate.validator.internal.engine.ValidatorFactoryConfigurationHelper -- HV000234: Using org.hibernate.validator.internal.engine.DefaultClockProvider as ValidatorFactory-scoped clock provider.
10:36:33.897 [main] DEBUG org.hibernate.validator.internal.engine.ValidatorFactoryConfigurationHelper -- HV000234: Using org.hibernate.validator.internal.engine.scripting.DefaultScriptEvaluatorFactory as ValidatorFactory-scoped script evaluator factory.
10:36:33.904 [main] INFO fr.carbon.ewen.domain.Simulation -- Starting simulation...
10:36:33.904 [main] INFO fr.carbon.ewen.domain.Simulation -- Step 0:
10:36:33.904 [main] INFO fr.carbon.ewen.domain.components.Explorer -- Explorer[name=explorer1, movements=[MOVE_FORWARD], state=Explorer.ExplorerState(position=Position[width=0, height=0], orientation=EAST, treasuresFound=0)] is moving forward
10:36:33.904 [main] WARN fr.carbon.ewen.domain.components.Explorer -- Explorer[name=explorer1, movements=[MOVE_FORWARD], state=Explorer.ExplorerState(position=Position[width=1, height=0], orientation=EAST, treasuresFound=0)] collided with mountain Mountain[position=Position[width=1, height=0]]
]]></system-out>
  </testcase>
</testsuite>